<?xml version="1.0" encoding="UTF-8"?>
<!-- Generated by org.testng.reporters.JUnitReportReporter -->
<testsuite hostname="DESKTOP-4H7SDUP" failures="0" tests="2" name="com.rest.validation.WorkspacePojoTest" time="9.748" errors="0" timestamp="2022-11-16T19:14:56 IST" skipped="0">
  <testcase classname="com.rest.validation.WorkspacePojoTest" name="workspace_serialize_deserialize_datadriven" time="2.170"/>
  <system-out/>
  <testcase classname="com.rest.validation.WorkspacePojoTest" name="workspace_serialize_deserialize_datadriven" time="7.578"/>
  <system-out/>
</testsuite> <!-- com.rest.validation.WorkspacePojoTest -->
