<?xml version="1.0" encoding="UTF-8"?>
<!-- Generated by org.testng.reporters.JUnitReportReporter -->
<testsuite hostname="DESKTOP-4H7SDUP" failures="0" tests="1" name="com.rest.validation.ComplexPojoTest" time="9.612" errors="0" timestamp="2022-11-28T18:34:46 IST" skipped="0">
  <testcase classname="com.rest.validation.ComplexPojoTest" name="complex_pojo_create_collection" time="9.612"/>
  <system-out/>
</testsuite> <!-- com.rest.validation.ComplexPojoTest -->
