<?xml version="1.0" encoding="UTF-8"?>
<!-- Generated by org.testng.reporters.JUnitReportReporter -->
<testsuite hostname="DESKTOP-4H7SDUP" failures="0" tests="4" name="com.rest.validation.AutomationPost" time="5.294" errors="0" timestamp="2022-10-21T21:44:01 IST" skipped="3">
  <testcase classname="com.rest.validation.AutomationPost" name="validate_post_map" time="5.294"/>
  <system-out/>
  <testcase classname="com.rest.validation.AutomationPost" name="validate_post_file">
    <skipped/>
  </testcase> <!-- validate_post_file -->
  <system-out/>
  <testcase classname="com.rest.validation.AutomationPost" name="validate_post_nonbdd">
    <skipped/>
  </testcase> <!-- validate_post_nonbdd -->
  <system-out/>
  <testcase classname="com.rest.validation.AutomationPost" name="validate_post_bddStyle">
    <skipped/>
  </testcase> <!-- validate_post_bddStyle -->
  <system-out/>
</testsuite> <!-- com.rest.validation.AutomationPost -->
