<?xml version="1.0" encoding="UTF-8"?>
<!-- Generated by org.testng.reporters.JUnitReportReporter -->
<testsuite hostname="DESKTOP-4H7SDUP" failures="0" tests="1" name="com.rest.validation.Filters" time="8.731" errors="0" timestamp="2022-11-09T18:12:06 IST" skipped="0">
  <testcase classname="com.rest.validation.Filters" name="loggingFilter" time="8.731"/>
  <system-out/>
</testsuite> <!-- com.rest.validation.Filters -->
