<?xml version="1.0" encoding="UTF-8"?>
<!-- Generated by org.testng.reporters.JUnitReportReporter -->
<testsuite hostname="DESKTOP-4H7SDUP" failures="0" tests="1" name="com.rest.validation.JSONOBJECT" time="9.132" errors="0" timestamp="2022-11-09T18:51:22 IST" skipped="0">
  <testcase classname="com.rest.validation.JSONOBJECT" name="serialize_json_using_jackson" time="9.132"/>
  <system-out/>
</testsuite> <!-- com.rest.validation.JSONOBJECT -->
