<?xml version="1.0" encoding="UTF-8"?>
<!-- Generated by org.testng.reporters.JUnitReportReporter -->
<testsuite hostname="DESKTOP-4H7SDUP" failures="0" tests="2" name="com.rest.validation.AutomateGet" time="6.536" errors="0" timestamp="2022-10-01T15:11:22 IST" skipped="1">
  <testcase classname="com.rest.validation.AutomateGet" name="validate_response_body" time="6.536"/>
  <system-out/>
  <testcase classname="com.rest.validation.AutomateGet" name="validate_get_status_code">
    <skipped/>
  </testcase> <!-- validate_get_status_code -->
  <system-out/>
</testsuite> <!-- com.rest.validation.AutomateGet -->
