<?xml version="1.0" encoding="UTF-8"?>
<!-- Generated by org.testng.reporters.JUnitReportReporter -->
<testsuite hostname="DESKTOP-4H7SDUP" failures="0" tests="1" name="com.rest.validation.AutomateComplexRequest" time="7.569" errors="0" timestamp="2022-10-30T12:25:06 IST" skipped="0">
  <testcase classname="com.rest.validation.AutomateComplexRequest" name="validate_post_request_payload_complex_json" time="7.569"/>
  <system-out/>
</testsuite> <!-- com.rest.validation.AutomateComplexRequest -->
