<?xml version="1.0" encoding="UTF-8"?>
<!-- Generated by org.testng.reporters.JUnitReportReporter -->
<testsuite hostname="DESKTOP-4H7SDUP" failures="0" tests="1" name="com.rest.validation.UploadFile" time="8.708" errors="0" timestamp="2022-11-02T06:40:18 IST" skipped="0">
  <testcase classname="com.rest.validation.UploadFile" name="upload_file_multipart_form_data" time="8.708"/>
  <system-out/>
</testsuite> <!-- com.rest.validation.UploadFile -->
