<?xml version="1.0" encoding="UTF-8"?>
<!-- Generated by org.testng.reporters.JUnitReportReporter -->
<testsuite hostname="DESKTOP-4H7SDUP" failures="0" tests="1" name="com.rest.validation.JsonSchemaValidation" time="6.046" errors="1" timestamp="2022-11-04T14:34:57 IST" skipped="0">
  <testcase classname="com.rest.validation.JsonSchemaValidation" name="validateJsonSchema" time="6.046">
    <error message="com.github.fge.jsonschema.core.exceptions.InvalidSchemaException: fatal: invalid JSON Schema, cannot continue
Syntax errors:
[ {
  &quot;level&quot; : &quot;warning&quot;,
  &quot;schema&quot; : {
    &quot;loadingURI&quot; : &quot;file:/C:/Users/Harshil/git/RestApiTesting/RestAssured/target/classes/EchoGet.json#&quot;,
    &quot;pointer&quot; : &quot;&quot;
  },
  &quot;domain&quot; : &quot;syntax&quot;,
  &quot;message&quot; : &quot;the following keywords are unknown and will be ignored: [$id]&quot;,
  &quot;ignored&quot; : [ &quot;$id&quot; ]
}, {
  &quot;level&quot; : &quot;warning&quot;,
  &quot;schema&quot; : {
    &quot;loadingURI&quot; : &quot;file:/C:/Users/Harshil/git/RestApiTesting/RestAssured/target/classes/EchoGet.json#&quot;,
    &quot;pointer&quot; : &quot;/properties/args&quot;
  },
  &quot;domain&quot; : &quot;syntax&quot;,
  &quot;message&quot; : &quot;the following keywords are unknown and will be ignored: [examples]&quot;,
  &quot;ignored&quot; : [ &quot;examples&quot; ]
}, {
  &quot;level&quot; : &quot;error&quot;,
  &quot;message&quot; : &quot;array must have at least one element&quot;,
  &quot;domain&quot; : &quot;syntax&quot;,
  &quot;schema&quot; : {
    &quot;loadingURI&quot; : &quot;file:/C:/Users/Harshil/git/RestApiTesting/RestAssured/target/classes/EchoGet.json#&quot;,
    &quot;pointer&quot; : &quot;/properties/args&quot;
  },
  &quot;keyword&quot; : &quot;required&quot;
}, {
  &quot;level&quot; : &quot;warning&quot;,
  &quot;schema&quot; : {
    &quot;loadingURI&quot; : &quot;file:/C:/Users/Harshil/git/RestApiTesting/RestAssured/target/classes/EchoGet.json#&quot;,
    &quot;pointer&quot; : &quot;/properties/headers/properties/accept-encoding&quot;
  },
  &quot;domain&quot; : &quot;syntax&quot;,
  &quot;message&quot; : &quot;the following keywords are unknown and will be ignored: [examples]&quot;,
  &quot;ignored&quot; : [ &quot;examples&quot; ]
}, {
  &quot;level&quot; : &quot;warning&quot;,
  &quot;schema&quot; : {
    &quot;loadingURI&quot; : &quot;file:/C:/Users/Harshil/git/RestApiTesting/RestAssured/target/classes/EchoGet.json#&quot;,
    &quot;pointer&quot; : &quot;/properties/headers/properties/host&quot;
  },
  &quot;domain&quot; : &quot;syntax&quot;,
  &quot;message&quot; : &quot;the following keywords are unknown and will be ignored: [examples]&quot;,
  &quot;ignored&quot; : [ &quot;examples&quot; ]
}, {
  &quot;level&quot; : &quot;warning&quot;,
  &quot;schema&quot; : {
    &quot;loadingURI&quot; : &quot;file:/C:/Users/Harshil/git/RestApiTesting/RestAssured/target/classes/EchoGet.json#&quot;,
    &quot;pointer&quot; : &quot;/properties/headers/properties/x-forwarded-port&quot;
  },
  &quot;domain&quot; : &quot;syntax&quot;,
  &quot;message&quot; : &quot;the following keywords are unknown and will be ignored: [examples]&quot;,
  &quot;ignored&quot; : [ &quot;examples&quot; ]
}, {
  &quot;level&quot; : &quot;warning&quot;,
  &quot;schema&quot; : {
    &quot;loadingURI&quot; : &quot;file:/C:/Users/Harshil/git/RestApiTesting/RestAssured/target/classes/EchoGet.json#&quot;,
    &quot;pointer&quot; : &quot;/properties/headers/properties/x-forwarded-proto&quot;
  },
  &quot;domain&quot; : &quot;syntax&quot;,
  &quot;message&quot; : &quot;the following keywords are unknown and will be ignored: [examples]&quot;,
  &quot;ignored&quot; : [ &quot;examples&quot; ]
}, {
  &quot;level&quot; : &quot;warning&quot;,
  &quot;schema&quot; : {
    &quot;loadingURI&quot; : &quot;file:/C:/Users/Harshil/git/RestApiTesting/RestAssured/target/classes/EchoGet.json#&quot;,
    &quot;pointer&quot; : &quot;/properties/url&quot;
  },
  &quot;domain&quot; : &quot;syntax&quot;,
  &quot;message&quot; : &quot;the following keywords are unknown and will be ignored: [examples]&quot;,
  &quot;ignored&quot; : [ &quot;examples&quot; ]
} ]
    level: &quot;fatal&quot;
" type="io.restassured.module.jsv.JsonSchemaValidationException">
      <![CDATA[io.restassured.module.jsv.JsonSchemaValidationException: com.github.fge.jsonschema.core.exceptions.InvalidSchemaException: fatal: invalid JSON Schema, cannot continue
Syntax errors:
[ {
  "level" : "warning",
  "schema" : {
    "loadingURI" : "file:/C:/Users/Harshil/git/RestApiTesting/RestAssured/target/classes/EchoGet.json#",
    "pointer" : ""
  },
  "domain" : "syntax",
  "message" : "the following keywords are unknown and will be ignored: [$id]",
  "ignored" : [ "$id" ]
}, {
  "level" : "warning",
  "schema" : {
    "loadingURI" : "file:/C:/Users/Harshil/git/RestApiTesting/RestAssured/target/classes/EchoGet.json#",
    "pointer" : "/properties/args"
  },
  "domain" : "syntax",
  "message" : "the following keywords are unknown and will be ignored: [examples]",
  "ignored" : [ "examples" ]
}, {
  "level" : "error",
  "message" : "array must have at least one element",
  "domain" : "syntax",
  "schema" : {
    "loadingURI" : "file:/C:/Users/Harshil/git/RestApiTesting/RestAssured/target/classes/EchoGet.json#",
    "pointer" : "/properties/args"
  },
  "keyword" : "required"
}, {
  "level" : "warning",
  "schema" : {
    "loadingURI" : "file:/C:/Users/Harshil/git/RestApiTesting/RestAssured/target/classes/EchoGet.json#",
    "pointer" : "/properties/headers/properties/accept-encoding"
  },
  "domain" : "syntax",
  "message" : "the following keywords are unknown and will be ignored: [examples]",
  "ignored" : [ "examples" ]
}, {
  "level" : "warning",
  "schema" : {
    "loadingURI" : "file:/C:/Users/Harshil/git/RestApiTesting/RestAssured/target/classes/EchoGet.json#",
    "pointer" : "/properties/headers/properties/host"
  },
  "domain" : "syntax",
  "message" : "the following keywords are unknown and will be ignored: [examples]",
  "ignored" : [ "examples" ]
}, {
  "level" : "warning",
  "schema" : {
    "loadingURI" : "file:/C:/Users/Harshil/git/RestApiTesting/RestAssured/target/classes/EchoGet.json#",
    "pointer" : "/properties/headers/properties/x-forwarded-port"
  },
  "domain" : "syntax",
  "message" : "the following keywords are unknown and will be ignored: [examples]",
  "ignored" : [ "examples" ]
}, {
  "level" : "warning",
  "schema" : {
    "loadingURI" : "file:/C:/Users/Harshil/git/RestApiTesting/RestAssured/target/classes/EchoGet.json#",
    "pointer" : "/properties/headers/properties/x-forwarded-proto"
  },
  "domain" : "syntax",
  "message" : "the following keywords are unknown and will be ignored: [examples]",
  "ignored" : [ "examples" ]
}, {
  "level" : "warning",
  "schema" : {
    "loadingURI" : "file:/C:/Users/Harshil/git/RestApiTesting/RestAssured/target/classes/EchoGet.json#",
    "pointer" : "/properties/url"
  },
  "domain" : "syntax",
  "message" : "the following keywords are unknown and will be ignored: [examples]",
  "ignored" : [ "examples" ]
} ]
    level: "fatal"

at io.restassured.module.jsv.JsonSchemaValidator.matchesSafely(JsonSchemaValidator.java:233)
at io.restassured.module.jsv.JsonSchemaValidator.matchesSafely(JsonSchemaValidator.java:75)
at org.hamcrest.TypeSafeMatcher.matches(TypeSafeMatcher.java:67)
at io.restassured.internal.assertion.BodyMatcher.validate(BodyMatcher.java:82)
at io.restassured.internal.assertion.BodyMatcherGroup.lambda$validate$0(BodyMatcherGroup.java:30)
at java.base/java.util.stream.ReferencePipeline$3$1.accept(ReferencePipeline.java:197)
at java.base/java.util.ArrayList$ArrayListSpliterator.forEachRemaining(ArrayList.java:1625)
at java.base/java.util.stream.AbstractPipeline.copyInto(AbstractPipeline.java:509)
at java.base/java.util.stream.AbstractPipeline.wrapAndCopyInto(AbstractPipeline.java:499)
at java.base/java.util.stream.ReduceOps$ReduceOp.evaluateSequential(ReduceOps.java:921)
at java.base/java.util.stream.AbstractPipeline.evaluate(AbstractPipeline.java:234)
at java.base/java.util.stream.ReferencePipeline.collect(ReferencePipeline.java:682)
at io.restassured.internal.assertion.BodyMatcherGroup.validate(BodyMatcherGroup.java:30)
at io.restassured.internal.assertion.BodyMatcherGroup$validate$3.call(Unknown Source)
at org.codehaus.groovy.runtime.callsite.CallSiteArray.defaultCall(CallSiteArray.java:46)
at org.codehaus.groovy.runtime.callsite.AbstractCallSite.call(AbstractCallSite.java:125)
at org.codehaus.groovy.runtime.callsite.AbstractCallSite.call(AbstractCallSite.java:157)
at io.restassured.internal.ResponseSpecificationImpl$HamcrestAssertionClosure.validate(ResponseSpecificationImpl.groovy:499)
at io.restassured.internal.ResponseSpecificationImpl$HamcrestAssertionClosure$validate$1.call(Unknown Source)
at io.restassured.internal.ResponseSpecificationImpl.validateResponseIfRequired(ResponseSpecificationImpl.groovy:696)
at io.restassured.internal.ResponseSpecificationImpl.this$2$validateResponseIfRequired(ResponseSpecificationImpl.groovy)
at java.base/jdk.internal.reflect.NativeMethodAccessorImpl.invoke0(Native Method)
at java.base/jdk.internal.reflect.NativeMethodAccessorImpl.invoke(NativeMethodAccessorImpl.java:77)
at java.base/jdk.internal.reflect.DelegatingMethodAccessorImpl.invoke(DelegatingMethodAccessorImpl.java:43)
at java.base/java.lang.reflect.Method.invoke(Method.java:568)
at org.codehaus.groovy.runtime.callsite.PlainObjectMetaMethodSite.doInvoke(PlainObjectMetaMethodSite.java:43)
at org.codehaus.groovy.runtime.callsite.PogoMetaMethodSite$PogoCachedMethodSiteNoUnwrapNoCoerce.invoke(PogoMetaMethodSite.java:198)
at org.codehaus.groovy.runtime.callsite.PogoMetaMethodSite.callCurrent(PogoMetaMethodSite.java:62)
at org.codehaus.groovy.runtime.callsite.CallSiteArray.defaultCallCurrent(CallSiteArray.java:50)
at org.codehaus.groovy.runtime.callsite.AbstractCallSite.callCurrent(AbstractCallSite.java:171)
at org.codehaus.groovy.runtime.callsite.AbstractCallSite.callCurrent(AbstractCallSite.java:185)
at io.restassured.internal.ResponseSpecificationImpl.body(ResponseSpecificationImpl.groovy:107)
at io.restassured.internal.ValidatableResponseOptionsImpl.body(ValidatableResponseOptionsImpl.java:238)
at com.rest.validation.JsonSchemaValidation.validateJsonSchema(JsonSchemaValidation.java:21)
at java.base/jdk.internal.reflect.NativeMethodAccessorImpl.invoke0(Native Method)
at java.base/jdk.internal.reflect.NativeMethodAccessorImpl.invoke(NativeMethodAccessorImpl.java:77)
at java.base/jdk.internal.reflect.DelegatingMethodAccessorImpl.invoke(DelegatingMethodAccessorImpl.java:43)
at java.base/java.lang.reflect.Method.invoke(Method.java:568)
at org.testng.internal.MethodInvocationHelper.invokeMethod(MethodInvocationHelper.java:132)
at org.testng.internal.TestInvoker.invokeMethod(TestInvoker.java:599)
at org.testng.internal.TestInvoker.invokeTestMethod(TestInvoker.java:174)
at org.testng.internal.MethodRunner.runInSequence(MethodRunner.java:46)
at org.testng.internal.TestInvoker$MethodInvocationAgent.invoke(TestInvoker.java:822)
at org.testng.internal.TestInvoker.invokeTestMethods(TestInvoker.java:147)
at org.testng.internal.TestMethodWorker.invokeTestMethods(TestMethodWorker.java:146)
at org.testng.internal.TestMethodWorker.run(TestMethodWorker.java:128)
at java.base/java.util.ArrayList.forEach(ArrayList.java:1511)
at org.testng.TestRunner.privateRun(TestRunner.java:764)
at org.testng.TestRunner.run(TestRunner.java:585)
at org.testng.SuiteRunner.runTest(SuiteRunner.java:384)
at org.testng.SuiteRunner.runSequentially(SuiteRunner.java:378)
at org.testng.SuiteRunner.privateRun(SuiteRunner.java:337)
at org.testng.SuiteRunner.run(SuiteRunner.java:286)
at org.testng.SuiteRunnerWorker.runSuite(SuiteRunnerWorker.java:53)
at org.testng.SuiteRunnerWorker.run(SuiteRunnerWorker.java:96)
at org.testng.TestNG.runSuitesSequentially(TestNG.java:1218)
at org.testng.TestNG.runSuitesLocally(TestNG.java:1140)
at org.testng.TestNG.runSuites(TestNG.java:1069)
at org.testng.TestNG.run(TestNG.java:1037)
at org.testng.remote.AbstractRemoteTestNG.run(AbstractRemoteTestNG.java:115)
at org.testng.remote.RemoteTestNG.initAndRun(RemoteTestNG.java:251)
at org.testng.remote.RemoteTestNG.main(RemoteTestNG.java:77)
Caused by: com.github.fge.jsonschema.core.exceptions.InvalidSchemaException: fatal: invalid JSON Schema, cannot continue
Syntax errors:
[ {
  "level" : "warning",
  "schema" : {
    "loadingURI" : "file:/C:/Users/Harshil/git/RestApiTesting/RestAssured/target/classes/EchoGet.json#",
    "pointer" : ""
  },
  "domain" : "syntax",
  "message" : "the following keywords are unknown and will be ignored: [$id]",
  "ignored" : [ "$id" ]
}, {
  "level" : "warning",
  "schema" : {
    "loadingURI" : "file:/C:/Users/Harshil/git/RestApiTesting/RestAssured/target/classes/EchoGet.json#",
    "pointer" : "/properties/args"
  },
  "domain" : "syntax",
  "message" : "the following keywords are unknown and will be ignored: [examples]",
  "ignored" : [ "examples" ]
}, {
  "level" : "error",
  "message" : "array must have at least one element",
  "domain" : "syntax",
  "schema" : {
    "loadingURI" : "file:/C:/Users/Harshil/git/RestApiTesting/RestAssured/target/classes/EchoGet.json#",
    "pointer" : "/properties/args"
  },
  "keyword" : "required"
}, {
  "level" : "warning",
  "schema" : {
    "loadingURI" : "file:/C:/Users/Harshil/git/RestApiTesting/RestAssured/target/classes/EchoGet.json#",
    "pointer" : "/properties/headers/properties/accept-encoding"
  },
  "domain" : "syntax",
  "message" : "the following keywords are unknown and will be ignored: [examples]",
  "ignored" : [ "examples" ]
}, {
  "level" : "warning",
  "schema" : {
    "loadingURI" : "file:/C:/Users/Harshil/git/RestApiTesting/RestAssured/target/classes/EchoGet.json#",
    "pointer" : "/properties/headers/properties/host"
  },
  "domain" : "syntax",
  "message" : "the following keywords are unknown and will be ignored: [examples]",
  "ignored" : [ "examples" ]
}, {
  "level" : "warning",
  "schema" : {
    "loadingURI" : "file:/C:/Users/Harshil/git/RestApiTesting/RestAssured/target/classes/EchoGet.json#",
    "pointer" : "/properties/headers/properties/x-forwarded-port"
  },
  "domain" : "syntax",
  "message" : "the following keywords are unknown and will be ignored: [examples]",
  "ignored" : [ "examples" ]
}, {
  "level" : "warning",
  "schema" : {
    "loadingURI" : "file:/C:/Users/Harshil/git/RestApiTesting/RestAssured/target/classes/EchoGet.json#",
    "pointer" : "/properties/headers/properties/x-forwarded-proto"
  },
  "domain" : "syntax",
  "message" : "the following keywords are unknown and will be ignored: [examples]",
  "ignored" : [ "examples" ]
}, {
  "level" : "warning",
  "schema" : {
    "loadingURI" : "file:/C:/Users/Harshil/git/RestApiTesting/RestAssured/target/classes/EchoGet.json#",
    "pointer" : "/properties/url"
  },
  "domain" : "syntax",
  "message" : "the following keywords are unknown and will be ignored: [examples]",
  "ignored" : [ "examples" ]
} ]
    level: "fatal"

at com.github.fge.jsonschema.processors.validation.InstanceValidator.process(InstanceValidator.java:114)
at com.github.fge.jsonschema.processors.validation.ValidationProcessor.process(ValidationProcessor.java:56)
at com.github.fge.jsonschema.processors.validation.ValidationProcessor.process(ValidationProcessor.java:34)
at com.github.fge.jsonschema.core.processing.ProcessingResult.of(ProcessingResult.java:79)
at com.github.fge.jsonschema.main.JsonSchemaImpl.doValidate(JsonSchemaImpl.java:77)
at com.github.fge.jsonschema.main.JsonSchemaImpl.validate(JsonSchemaImpl.java:100)
at com.github.fge.jsonschema.main.JsonSchemaImpl.validate(JsonSchemaImpl.java:110)
at io.restassured.module.jsv.JsonSchemaValidator.matchesSafely(JsonSchemaValidator.java:227)
... 61 more
]]>
    </error>
  </testcase> <!-- validateJsonSchema -->
  <system-out/>
</testsuite> <!-- com.rest.validation.JsonSchemaValidation -->
