<?xml version="1.0" encoding="UTF-8"?>
<!-- Generated by org.testng.reporters.JUnitReportReporter -->
<testsuite hostname="DESKTOP-4H7SDUP" failures="0" tests="1" name="com.rest.validation.Testing" time="10.736" errors="0" timestamp="2022-11-07T06:43:09 IST" skipped="0">
  <testcase classname="com.rest.validation.Testing" name="validate_post_map" time="10.736"/>
  <system-out/>
</testsuite> <!-- com.rest.validation.Testing -->
