<?xml version="1.0" encoding="UTF-8"?>
<!-- Generated by org.testng.reporters.JUnitReportReporter -->
<testsuite hostname="DESKTOP-4H7SDUP" failures="0" tests="7" name="com.rest.validation.AutomateGet" time="6.582" errors="0" timestamp="2022-10-12T18:49:31 IST" skipped="6">
  <testcase classname="com.rest.validation.AutomateGet" name="validate_get_status_code" time="6.582"/>
  <system-out/>
  <testcase classname="com.rest.validation.AutomateGet" name="extract_single_response2">
    <skipped/>
  </testcase> <!-- extract_single_response2 -->
  <system-out/>
  <testcase classname="com.rest.validation.AutomateGet" name="hamcrest_assert_on_extracted_response">
    <skipped/>
  </testcase> <!-- hamcrest_assert_on_extracted_response -->
  <system-out/>
  <testcase classname="com.rest.validation.AutomateGet" name="extract_response">
    <skipped/>
  </testcase> <!-- extract_response -->
  <system-out/>
  <testcase classname="com.rest.validation.AutomateGet" name="extract_single_response">
    <skipped/>
  </testcase> <!-- extract_single_response -->
  <system-out/>
  <testcase classname="com.rest.validation.AutomateGet" name="validate_response_body">
    <skipped/>
  </testcase> <!-- validate_response_body -->
  <system-out/>
  <testcase classname="com.rest.validation.AutomateGet" name="hamcrest_assert_on_extracted_response1">
    <skipped/>
  </testcase> <!-- hamcrest_assert_on_extracted_response1 -->
  <system-out/>
</testsuite> <!-- com.rest.validation.AutomateGet -->
