<?xml version="1.0" encoding="UTF-8"?>
<!-- Generated by org.testng.reporters.JUnitReportReporter -->
<testsuite hostname="DESKTOP-4H7SDUP" failures="0" tests="2" name="com.logging.restassured.Logging" time="8.163" errors="0" timestamp="2022-10-07T07:01:29 IST" skipped="1">
  <testcase classname="com.logging.restassured.Logging" name="simple_Test2" time="8.163"/>
  <system-out/>
  <testcase classname="com.logging.restassured.Logging" name="simple_test">
    <skipped/>
  </testcase> <!-- simple_test -->
  <system-out/>
</testsuite> <!-- com.logging.restassured.Logging -->
