<?xml version="1.0" encoding="UTF-8"?>
<!-- Generated by org.testng.reporters.JUnitReportReporter -->
<testsuite hostname="DESKTOP-4H7SDUP" failures="0" tests="1" name="com.rest.validation.Parameters" time="5.369" errors="0" timestamp="2022-11-04T15:07:05 IST" skipped="0">
  <testcase classname="com.rest.validation.Parameters" name="loggingFilter" time="5.369"/>
  <system-out/>
</testsuite> <!-- com.rest.validation.Parameters -->
