<?xml version="1.0" encoding="UTF-8"?>
<!-- Generated by org.testng.reporters.JUnitReportReporter -->
<testsuite hostname="DESKTOP-4H7SDUP" failures="0" tests="1" name="com.rest.validation.UploadFileAndDowloadFile" time="29.252" errors="0" timestamp="2022-11-04T14:08:17 IST" skipped="0">
  <testcase classname="com.rest.validation.UploadFileAndDowloadFile" name="dowload_file" time="29.252"/>
  <system-out/>
</testsuite> <!-- com.rest.validation.UploadFileAndDowloadFile -->
