<?xml version="1.0" encoding="UTF-8"?>
<!-- Generated by org.testng.reporters.JUnitReportReporter -->
<testsuite hostname="DESKTOP-4H7SDUP" failures="0" tests="4" name="com.rest.validation.Parameters" time="5.693" errors="0" timestamp="2022-11-03T06:55:14 IST" skipped="3">
  <testcase classname="com.rest.validation.Parameters" name="multiple_value_query_parameter" time="5.693"/>
  <system-out/>
  <testcase classname="com.rest.validation.Parameters" name="multiple_query_parameter">
    <skipped/>
  </testcase> <!-- multiple_query_parameter -->
  <system-out/>
  <testcase classname="com.rest.validation.Parameters" name="path_parameter">
    <skipped/>
  </testcase> <!-- path_parameter -->
  <system-out/>
  <testcase classname="com.rest.validation.Parameters" name="single_query_parameter">
    <skipped/>
  </testcase> <!-- single_query_parameter -->
  <system-out/>
</testsuite> <!-- com.rest.validation.Parameters -->
