<?xml version="1.0" encoding="UTF-8"?>
<!-- Generated by org.testng.reporters.JUnitReportReporter -->
<testsuite hostname="DESKTOP-4H7SDUP" failures="0" tests="2" name="com.rest.validation.UploadFileAndDowloadFile" time="7.380" errors="0" timestamp="2022-11-03T06:54:17 IST" skipped="1">
  <testcase classname="com.rest.validation.UploadFileAndDowloadFile" name="upload_file_multipart_form_data" time="7.380"/>
  <system-out/>
  <testcase classname="com.rest.validation.UploadFileAndDowloadFile" name="dowload_file">
    <skipped/>
  </testcase> <!-- dowload_file -->
  <system-out/>
</testsuite> <!-- com.rest.validation.UploadFileAndDowloadFile -->
