<?xml version="1.0" encoding="UTF-8"?>
<!-- Generated by org.testng.reporters.JUnitReportReporter -->
<testsuite hostname="DESKTOP-4H7SDUP" failures="0" tests="4" name="com.rest.validation.AutomationPost" time="7.431" errors="0" timestamp="2022-11-01T18:00:16 IST" skipped="3">
  <testcase classname="com.rest.validation.AutomationPost" name="validate_post_map" time="7.431"/>
  <system-out/>
  <testcase classname="com.rest.validation.AutomationPost" name="validate_post_file">
    <skipped/>
  </testcase> <!-- validate_post_file -->
  <system-out/>
  <testcase classname="com.rest.validation.AutomationPost" name="validate_post_nonbdd">
    <skipped/>
  </testcase> <!-- validate_post_nonbdd -->
  <system-out/>
  <testcase classname="com.rest.validation.AutomationPost" name="validate_post_bddStyle">
    <skipped/>
  </testcase> <!-- validate_post_bddStyle -->
  <system-out/>
</testsuite> <!-- com.rest.validation.AutomationPost -->
