<?xml version="1.0" encoding="UTF-8"?>
<!-- Generated by org.testng.reporters.JUnitReportReporter -->
<testsuite hostname="DESKTOP-4H7SDUP" failures="0" tests="1" name="com.rest.validation.SimplePojoTest" time="9.772" errors="0" timestamp="2022-11-11T18:26:49 IST" skipped="0">
  <testcase classname="com.rest.validation.SimplePojoTest" name="simple_pojo_example" time="9.772"/>
  <system-out/>
</testsuite> <!-- com.rest.validation.SimplePojoTest -->
