<?xml version="1.0" encoding="UTF-8"?>
<!-- Generated by org.testng.reporters.JUnitReportReporter -->
<testsuite hostname="DESKTOP-4H7SDUP" failures="0" tests="1" name="com.rest.validation.AutomateJsonArray" time="12.931" errors="0" timestamp="2022-10-28T21:40:00 IST" skipped="0">
  <testcase classname="com.rest.validation.AutomateJsonArray" name="validate_post_request_payload_json_array_as_list" time="12.931"/>
  <system-out/>
</testsuite> <!-- com.rest.validation.AutomateJsonArray -->
