<?xml version="1.0" encoding="UTF-8"?>
<!-- Generated by org.testng.reporters.JUnitReportReporter -->
<testsuite hostname="DESKTOP-4H7SDUP" failures="0" tests="1" name="com.logging.restassured.Filters" time="7.327" errors="0" timestamp="2022-11-04T21:50:08 IST" skipped="0">
  <testcase classname="com.logging.restassured.Filters" name="single_query_parameter" time="7.327"/>
  <system-out/>
</testsuite> <!-- com.logging.restassured.Filters -->
