<?xml version="1.0" encoding="UTF-8"?>
<!-- Generated by org.testng.reporters.JUnitReportReporter -->
<testsuite hostname="DESKTOP-4H7SDUP" failures="0" tests="1" name="com.rest.validation.UploadingDownloadingFile" time="7.698" errors="0" timestamp="2022-11-07T21:26:31 IST" skipped="0">
  <testcase classname="com.rest.validation.UploadingDownloadingFile" name="upload_file_multipart_form_data" time="7.698"/>
  <system-out/>
</testsuite> <!-- com.rest.validation.UploadingDownloadingFile -->
